PMDM/Tareas/Tarea1/Proyecto ejemplo/SanAngeles/app/build/intermediates/manifest_merge_blame_file/debug/manifest-merger-blame-debug-report.txt
1<?xml version="1.0" encoding="utf-8"?>
2<manifest xmlns:android="http://schemas.android.com/apk/res/android"
3    package="com.example.SanAngeles"
4    android:versionCode="4000001"
5    android:versionName="1.0" >
6
7    <uses-sdk
8        android:minSdkVersion="14"
8-->src\main\AndroidManifest.xml
9        android:targetSdkVersion="28" />
9-->src\main\AndroidManifest.xml
10
11    <application
11-->src\main\AndroidManifest.xml:4:3-16:17
12        android:allowBackup="false"
12-->src\main\AndroidManifest.xml:5:7-34
13        android:debuggable="true"
14        android:fullBackupContent="false"
14-->src\main\AndroidManifest.xml:6:7-40
15        android:icon="@mipmap/ic_launcher"
15-->src\main\AndroidManifest.xml:7:7-41
16        android:label="@string/app_name"
16-->src\main\AndroidManifest.xml:8:7-39
17        android:testOnly="true" >
18        <activity
18-->src\main\AndroidManifest.xml:9:5-15:16
19            android:name="com.example.SanAngeles.DemoActivity"
19-->src\main\AndroidManifest.xml:9:15-43
20            android:label="@string/app_name" >
20-->src\main\AndroidManifest.xml:10:15-47
21            <intent-filter>
21-->src\main\AndroidManifest.xml:11:7-14:23
22                <action android:name="android.intent.action.MAIN" />
22-->src\main\AndroidManifest.xml:12:9-61
22-->src\main\AndroidManifest.xml:12:17-58
23
24                <category android:name="android.intent.category.LAUNCHER" />
24-->src\main\AndroidManifest.xml:13:9-69
24-->src\main\AndroidManifest.xml:13:19-66
25            </intent-filter>
26        </activity>
27    </application>
28
29</manifest>